Determining if the pthread_create exist failed with the following output:
Change Dir: /home/thesis/ROS/build/limo_s2_description/CMakeFiles/CMakeTmp

Run Build Command:"/usr/bin/make" "cmTC_543a4/fast"
/usr/bin/make -f CMakeFiles/cmTC_543a4.dir/build.make CMakeFiles/cmTC_543a4.dir/build
make[1]: Entering directory '/home/thesis/ROS/build/limo_s2_description/CMakeFiles/CMakeTmp'
Building C object CMakeFiles/cmTC_543a4.dir/CheckSymbolExists.c.o
/usr/bin/cc    -o CMakeFiles/cmTC_543a4.dir/CheckSymbolExists.c.o   -c /home/thesis/ROS/build/limo_s2_description/CMakeFiles/CMakeTmp/CheckSymbolExists.c
Linking C executable cmTC_543a4
/usr/bin/cmake -E cmake_link_script CMakeFiles/cmTC_543a4.dir/link.txt --verbose=1
/usr/bin/cc      -rdynamic CMakeFiles/cmTC_543a4.dir/CheckSymbolExists.c.o  -o cmTC_543a4 
CMakeFiles/cmTC_543a4.dir/CheckSymbolExists.c.o: In function `main':
CheckSymbolExists.c:(.text+0x1b): undefined reference to `pthread_create'
collect2: error: ld returned 1 exit status
CMakeFiles/cmTC_543a4.dir/build.make:97: recipe for target 'cmTC_543a4' failed
make[1]: *** [cmTC_543a4] Error 1
make[1]: Leaving directory '/home/thesis/ROS/build/limo_s2_description/CMakeFiles/CMakeTmp'
Makefile:126: recipe for target 'cmTC_543a4/fast' failed
make: *** [cmTC_543a4/fast] Error 2

File /home/thesis/ROS/build/limo_s2_description/CMakeFiles/CMakeTmp/CheckSymbolExists.c:
/* */
#include <pthread.h>

int main(int argc, char** argv)
{
  (void)argv;
#ifndef pthread_create
  return ((int*)(&pthread_create))[argc];
#else
  (void)argc;
  return 0;
#endif
}

Determining if the function pthread_create exists in the pthreads failed with the following output:
Change Dir: /home/thesis/ROS/build/limo_s2_description/CMakeFiles/CMakeTmp

Run Build Command:"/usr/bin/make" "cmTC_2f386/fast"
/usr/bin/make -f CMakeFiles/cmTC_2f386.dir/build.make CMakeFiles/cmTC_2f386.dir/build
make[1]: Entering directory '/home/thesis/ROS/build/limo_s2_description/CMakeFiles/CMakeTmp'
Building C object CMakeFiles/cmTC_2f386.dir/CheckFunctionExists.c.o
/usr/bin/cc   -DCHECK_FUNCTION_EXISTS=pthread_create   -o CMakeFiles/cmTC_2f386.dir/CheckFunctionExists.c.o   -c /usr/share/cmake-3.10/Modules/CheckFunctionExists.c
Linking C executable cmTC_2f386
/usr/bin/cmake -E cmake_link_script CMakeFiles/cmTC_2f386.dir/link.txt --verbose=1
/usr/bin/cc  -DCHECK_FUNCTION_EXISTS=pthread_create    -rdynamic CMakeFiles/cmTC_2f386.dir/CheckFunctionExists.c.o  -o cmTC_2f386 -lpthreads 
/usr/bin/ld: cannot find -lpthreads
collect2: error: ld returned 1 exit status
CMakeFiles/cmTC_2f386.dir/build.make:97: recipe for target 'cmTC_2f386' failed
make[1]: *** [cmTC_2f386] Error 1
make[1]: Leaving directory '/home/thesis/ROS/build/limo_s2_description/CMakeFiles/CMakeTmp'
Makefile:126: recipe for target 'cmTC_2f386/fast' failed
make: *** [cmTC_2f386/fast] Error 2


