Determining if the pthread_create exist failed with the following output:
Change Dir: /home/thesis/ROS/build/limo_motion_planner/CMakeFiles/CMakeTmp

Run Build Command:"/usr/bin/make" "cmTC_df3ea/fast"
/usr/bin/make -f CMakeFiles/cmTC_df3ea.dir/build.make CMakeFiles/cmTC_df3ea.dir/build
make[1]: Entering directory '/home/thesis/ROS/build/limo_motion_planner/CMakeFiles/CMakeTmp'
Building C object CMakeFiles/cmTC_df3ea.dir/CheckSymbolExists.c.o
/usr/bin/cc    -o CMakeFiles/cmTC_df3ea.dir/CheckSymbolExists.c.o   -c /home/thesis/ROS/build/limo_motion_planner/CMakeFiles/CMakeTmp/CheckSymbolExists.c
Linking C executable cmTC_df3ea
/usr/bin/cmake -E cmake_link_script CMakeFiles/cmTC_df3ea.dir/link.txt --verbose=1
/usr/bin/cc      -rdynamic CMakeFiles/cmTC_df3ea.dir/CheckSymbolExists.c.o  -o cmTC_df3ea 
CMakeFiles/cmTC_df3ea.dir/CheckSymbolExists.c.o: In function `main':
CheckSymbolExists.c:(.text+0x1b): undefined reference to `pthread_create'
collect2: error: ld returned 1 exit status
CMakeFiles/cmTC_df3ea.dir/build.make:97: recipe for target 'cmTC_df3ea' failed
make[1]: *** [cmTC_df3ea] Error 1
make[1]: Leaving directory '/home/thesis/ROS/build/limo_motion_planner/CMakeFiles/CMakeTmp'
Makefile:126: recipe for target 'cmTC_df3ea/fast' failed
make: *** [cmTC_df3ea/fast] Error 2

File /home/thesis/ROS/build/limo_motion_planner/CMakeFiles/CMakeTmp/CheckSymbolExists.c:
/* */
#include <pthread.h>

int main(int argc, char** argv)
{
  (void)argv;
#ifndef pthread_create
  return ((int*)(&pthread_create))[argc];
#else
  (void)argc;
  return 0;
#endif
}

Determining if the function pthread_create exists in the pthreads failed with the following output:
Change Dir: /home/thesis/ROS/build/limo_motion_planner/CMakeFiles/CMakeTmp

Run Build Command:"/usr/bin/make" "cmTC_dd773/fast"
/usr/bin/make -f CMakeFiles/cmTC_dd773.dir/build.make CMakeFiles/cmTC_dd773.dir/build
make[1]: Entering directory '/home/thesis/ROS/build/limo_motion_planner/CMakeFiles/CMakeTmp'
Building C object CMakeFiles/cmTC_dd773.dir/CheckFunctionExists.c.o
/usr/bin/cc   -DCHECK_FUNCTION_EXISTS=pthread_create   -o CMakeFiles/cmTC_dd773.dir/CheckFunctionExists.c.o   -c /usr/share/cmake-3.10/Modules/CheckFunctionExists.c
Linking C executable cmTC_dd773
/usr/bin/cmake -E cmake_link_script CMakeFiles/cmTC_dd773.dir/link.txt --verbose=1
/usr/bin/cc  -DCHECK_FUNCTION_EXISTS=pthread_create    -rdynamic CMakeFiles/cmTC_dd773.dir/CheckFunctionExists.c.o  -o cmTC_dd773 -lpthreads 
/usr/bin/ld: cannot find -lpthreads
collect2: error: ld returned 1 exit status
CMakeFiles/cmTC_dd773.dir/build.make:97: recipe for target 'cmTC_dd773' failed
make[1]: *** [cmTC_dd773] Error 1
make[1]: Leaving directory '/home/thesis/ROS/build/limo_motion_planner/CMakeFiles/CMakeTmp'
Makefile:126: recipe for target 'cmTC_dd773/fast' failed
make: *** [cmTC_dd773/fast] Error 2


