[  0%] Built target actionlib_msgs_generate_messages_py
[  0%] Built target _limo_motion_controller_generate_messages_check_deps_MotionPlan
[  0%] Built target _limo_motion_controller_generate_messages_check_deps_OverrideMotion
[  0%] Built target _limo_motion_controller_generate_messages_check_deps_MovementController
[  0%] Built target std_msgs_generate_messages_py
[  0%] Built target std_msgs_generate_messages_eus
[  0%] Built target rosgraph_msgs_generate_messages_nodejs
[  0%] Built target rosgraph_msgs_generate_messages_py
[  0%] Built target rosgraph_msgs_generate_messages_lisp
[  0%] Built target rosgraph_msgs_generate_messages_eus
[  0%] Built target actionlib_msgs_generate_messages_cpp
[  0%] Built target rosgraph_msgs_generate_messages_cpp
[  0%] Built target roscpp_generate_messages_py
[  0%] Built target nav_msgs_generate_messages_py
[  0%] Built target roscpp_generate_messages_nodejs
[  0%] Built target geometry_msgs_generate_messages_eus
[  0%] Built target roscpp_generate_messages_eus
[  0%] Built target roscpp_generate_messages_lisp
[  0%] Built target nav_msgs_generate_messages_lisp
[  0%] Built target actionlib_msgs_generate_messages_nodejs
[  0%] Built target roscpp_generate_messages_cpp
[  0%] Built target std_msgs_generate_messages_cpp
[  0%] Built target nav_msgs_generate_messages_nodejs
[  0%] Built target geometry_msgs_generate_messages_nodejs
[  0%] Built target std_msgs_generate_messages_nodejs
[  0%] Built target std_msgs_generate_messages_lisp
[  0%] Built target geometry_msgs_generate_messages_cpp
[  0%] Built target geometry_msgs_generate_messages_lisp
[  0%] Built target geometry_msgs_generate_messages_py
[  0%] Built target nav_msgs_generate_messages_cpp
[ 14%] Built target limo_motion_controller_generate_messages_lisp
[ 14%] Built target nav_msgs_generate_messages_eus
[ 14%] Built target actionlib_msgs_generate_messages_eus
[ 38%] Built target limo_motion_controller_generate_messages_py
[ 38%] Built target actionlib_msgs_generate_messages_lisp
[ 57%] Built target limo_motion_controller_generate_messages_eus
[ 71%] Built target limo_motion_controller_generate_messages_cpp
[ 85%] Built target limo_motion_controller_generate_messages_nodejs
[ 85%] Built target limo_motion_controller_generate_messages
[100%] Built target limo_motion_controller
