[  0%] Built target std_msgs_generate_messages_lisp
[  0%] Built target _darknet_ros_msgs_generate_messages_check_deps_CheckForObjectsResult
[  0%] Built target _darknet_ros_msgs_generate_messages_check_deps_CheckForObjectsGoal
[  0%] Built target actionlib_msgs_generate_messages_lisp
[  0%] Built target geometry_msgs_generate_messages_lisp
[  0%] Built target _darknet_ros_msgs_generate_messages_check_deps_CheckForObjectsFeedback
[  0%] Built target sensor_msgs_generate_messages_lisp
[  0%] Built target _darknet_ros_msgs_generate_messages_check_deps_ObjectCount
[  0%] Built target _darknet_ros_msgs_generate_messages_check_deps_CheckForObjectsActionResult
[  0%] Built target _darknet_ros_msgs_generate_messages_check_deps_CheckForObjectsAction
[  0%] Built target _darknet_ros_msgs_generate_messages_check_deps_CheckForObjectsActionFeedback
[  0%] Built target _darknet_ros_msgs_generate_messages_check_deps_BoundingBoxes
[  0%] Built target std_msgs_generate_messages_py
[  0%] Built target _darknet_ros_msgs_generate_messages_check_deps_CheckForObjectsActionGoal
[  0%] Built target _darknet_ros_msgs_generate_messages_check_deps_BoundingBox
[  0%] Built target sensor_msgs_generate_messages_py
[  0%] Built target actionlib_msgs_generate_messages_py
[  0%] Built target geometry_msgs_generate_messages_py
[  0%] Built target std_msgs_generate_messages_nodejs
[  0%] Built target actionlib_msgs_generate_messages_nodejs
[  0%] Built target geometry_msgs_generate_messages_nodejs
[  0%] Built target sensor_msgs_generate_messages_nodejs
[  0%] Built target sensor_msgs_generate_messages_cpp
[  0%] Built target std_msgs_generate_messages_cpp
[  0%] Built target actionlib_msgs_generate_messages_cpp
[  0%] Built target geometry_msgs_generate_messages_cpp
[  0%] Built target std_msgs_generate_messages_eus
[  0%] Built target actionlib_msgs_generate_messages_eus
[  0%] Built target sensor_msgs_generate_messages_eus
[  0%] Built target geometry_msgs_generate_messages_eus
[  1%] [34m[1mGenerating Lisp code from darknet_ros_msgs/ObjectCount.msg[0m
[  3%] [34m[1mGenerating Python from MSG darknet_ros_msgs/ObjectCount[0m
[  5%] [34m[1mGenerating Javascript code from darknet_ros_msgs/ObjectCount.msg[0m
[ 23%] Built target darknet_ros_msgs_generate_messages_lisp
[ 25%] [34m[1mGenerating C++ code from darknet_ros_msgs/ObjectCount.msg[0m
[ 26%] [34m[1mGenerating EusLisp code from darknet_ros_msgs/ObjectCount.msg[0m
[ 44%] Built target darknet_ros_msgs_generate_messages_nodejs
[ 63%] Built target darknet_ros_msgs_generate_messages_eus
[ 65%] [34m[1mGenerating Python msg __init__.py for darknet_ros_msgs[0m
[ 82%] Built target darknet_ros_msgs_generate_messages_cpp
[100%] Built target darknet_ros_msgs_generate_messages_py
[100%] Built target darknet_ros_msgs_generate_messages
