Determining if the pthread_create exist failed with the following output:
Change Dir: /home/thesis/ROS/build/astra_camera/CMakeFiles/CMakeTmp

Run Build Command:"/usr/bin/make" "cmTC_04993/fast"
/usr/bin/make -f CMakeFiles/cmTC_04993.dir/build.make CMakeFiles/cmTC_04993.dir/build
make[1]: Entering directory '/home/thesis/ROS/build/astra_camera/CMakeFiles/CMakeTmp'
Building C object CMakeFiles/cmTC_04993.dir/CheckSymbolExists.c.o
/usr/bin/cc    -o CMakeFiles/cmTC_04993.dir/CheckSymbolExists.c.o   -c /home/thesis/ROS/build/astra_camera/CMakeFiles/CMakeTmp/CheckSymbolExists.c
Linking C executable cmTC_04993
/usr/bin/cmake -E cmake_link_script CMakeFiles/cmTC_04993.dir/link.txt --verbose=1
/usr/bin/cc      -rdynamic CMakeFiles/cmTC_04993.dir/CheckSymbolExists.c.o  -o cmTC_04993 
CMakeFiles/cmTC_04993.dir/CheckSymbolExists.c.o: In function `main':
CheckSymbolExists.c:(.text+0x1b): undefined reference to `pthread_create'
collect2: error: ld returned 1 exit status
CMakeFiles/cmTC_04993.dir/build.make:97: recipe for target 'cmTC_04993' failed
make[1]: *** [cmTC_04993] Error 1
make[1]: Leaving directory '/home/thesis/ROS/build/astra_camera/CMakeFiles/CMakeTmp'
Makefile:126: recipe for target 'cmTC_04993/fast' failed
make: *** [cmTC_04993/fast] Error 2

File /home/thesis/ROS/build/astra_camera/CMakeFiles/CMakeTmp/CheckSymbolExists.c:
/* */
#include <pthread.h>

int main(int argc, char** argv)
{
  (void)argv;
#ifndef pthread_create
  return ((int*)(&pthread_create))[argc];
#else
  (void)argc;
  return 0;
#endif
}

Determining if the function pthread_create exists in the pthreads failed with the following output:
Change Dir: /home/thesis/ROS/build/astra_camera/CMakeFiles/CMakeTmp

Run Build Command:"/usr/bin/make" "cmTC_256be/fast"
/usr/bin/make -f CMakeFiles/cmTC_256be.dir/build.make CMakeFiles/cmTC_256be.dir/build
make[1]: Entering directory '/home/thesis/ROS/build/astra_camera/CMakeFiles/CMakeTmp'
Building C object CMakeFiles/cmTC_256be.dir/CheckFunctionExists.c.o
/usr/bin/cc   -DCHECK_FUNCTION_EXISTS=pthread_create   -o CMakeFiles/cmTC_256be.dir/CheckFunctionExists.c.o   -c /usr/share/cmake-3.10/Modules/CheckFunctionExists.c
Linking C executable cmTC_256be
/usr/bin/cmake -E cmake_link_script CMakeFiles/cmTC_256be.dir/link.txt --verbose=1
/usr/bin/cc  -DCHECK_FUNCTION_EXISTS=pthread_create    -rdynamic CMakeFiles/cmTC_256be.dir/CheckFunctionExists.c.o  -o cmTC_256be -lpthreads 
/usr/bin/ld: cannot find -lpthreads
collect2: error: ld returned 1 exit status
CMakeFiles/cmTC_256be.dir/build.make:97: recipe for target 'cmTC_256be' failed
make[1]: *** [cmTC_256be] Error 1
make[1]: Leaving directory '/home/thesis/ROS/build/astra_camera/CMakeFiles/CMakeTmp'
Makefile:126: recipe for target 'cmTC_256be/fast' failed
make: *** [cmTC_256be/fast] Error 2


