[  0%] Built target _astra_camera_generate_messages_check_deps_SetUVCExposure
[  0%] Built target _astra_camera_generate_messages_check_deps_SetIRGain
[  0%] Built target _astra_camera_generate_messages_check_deps_SwitchIRCamera
[  0%] Built target _astra_camera_generate_messages_check_deps_GetDeviceType
[  0%] Built target std_msgs_generate_messages_cpp
[  0%] Built target _astra_camera_generate_messages_check_deps_GetCameraInfo
[  0%] Built target _astra_camera_generate_messages_check_deps_ResetIRGain
[  0%] Built target _astra_camera_generate_messages_check_deps_GetUVCExposure
[  0%] Built target _astra_camera_generate_messages_check_deps_GetUVCGain
[  0%] Built target sensor_msgs_generate_messages_cpp
[  0%] Built target _astra_camera_generate_messages_check_deps_SetLaser
[  0%] Built target _astra_camera_generate_messages_check_deps_GetSerial
[  0%] Built target _astra_camera_generate_messages_check_deps_SetUVCWhiteBalance
[  0%] Built target _astra_camera_generate_messages_check_deps_GetIRExposure
[  0%] Built target _astra_camera_generate_messages_check_deps_SetLDP
[  0%] Built target _astra_camera_generate_messages_check_deps_ResetIRExposure
[  0%] Built target _astra_camera_generate_messages_check_deps_SetUVCGain
[  0%] Built target _astra_camera_generate_messages_check_deps_GetUVCWhiteBalance
[  0%] Built target _astra_camera_generate_messages_check_deps_SetIRExposure
[  1%] Built target astra_camera_gencfg
[  1%] Built target _astra_camera_generate_messages_check_deps_SetDistortioncal
[  1%] Built target _astra_camera_generate_messages_check_deps_SetIRFlood
[  3%] Built target astra_usb_reset
[  3%] Built target std_msgs_generate_messages_nodejs
[  3%] Built target sensor_msgs_generate_messages_nodejs
[  3%] Built target _astra_camera_generate_messages_check_deps_GetIRGain
[  3%] Built target sensor_msgs_generate_messages_lisp
[  3%] Built target std_msgs_generate_messages_lisp
[  3%] Built target sensor_msgs_generate_messages_eus
[  3%] Built target std_msgs_generate_messages_eus
[  3%] Built target std_msgs_generate_messages_py
[  3%] Built target sensor_msgs_generate_messages_py
[ 17%] Built target astra_camera_generate_messages_cpp
[ 31%] Built target astra_camera_generate_messages_lisp
[ 46%] Built target astra_camera_generate_messages_nodejs
[ 63%] Built target astra_camera_generate_messages_eus
[ 78%] Built target astra_camera_generate_messages_py
[ 79%] Built target convert_rgb_nodelet
[ 82%] Built target libuvc_camera_nodelet
[ 85%] Built target camera_node
[ 92%] Built target astra_wrapper
[ 92%] Built target astra_camera_generate_messages
[ 94%] Built target astra_test_wrapper
[ 94%] Built target astra_list_devices
[ 97%] Built target astra_driver_lib
[ 98%] Built target astra_camera_node
[100%] Built target astra_camera_nodelet
