[35m[1mScanning dependencies of target nav_msgs_generate_messages_py[0m
[35m[1mScanning dependencies of target limo_base_generate_messages_lisp[0m
[35m[1mScanning dependencies of target limo_motion_controller_generate_messages_lisp[0m
[35m[1mScanning dependencies of target limo_base_generate_messages_eus[0m
[35m[1mScanning dependencies of target limo_behaviour_tree_generate_messages_py[0m
[35m[1mScanning dependencies of target limo_base_generate_messages_py[0m
[35m[1mScanning dependencies of target limo_base_generate_messages_cpp[0m
[35m[1mScanning dependencies of target limo_motion_controller_generate_messages_cpp[0m
[35m[1mScanning dependencies of target limo_motion_controller_generate_messages_eus[0m
[35m[1mScanning dependencies of target limo_behaviour_tree_generate_messages_nodejs[0m
[35m[1mScanning dependencies of target limo_behaviour_tree_generate_messages_eus[0m
[  0%] Built target nav_msgs_generate_messages_py
[  0%] Built target limo_base_generate_messages_eus
[  0%] Built target limo_motion_controller_generate_messages_lisp
[  0%] Built target limo_base_generate_messages_lisp
[  0%] Built target limo_behaviour_tree_generate_messages_py
[  0%] Built target limo_base_generate_messages_py
[  0%] Built target limo_motion_controller_generate_messages_cpp
[  0%] Built target limo_motion_controller_generate_messages_eus
[  0%] Built target limo_base_generate_messages_cpp
[35m[1mScanning dependencies of target limo_behaviour_tree_generate_messages_cpp[0m
[35m[1mScanning dependencies of target std_msgs_generate_messages_nodejs[0m
[  0%] Built target limo_behaviour_tree_generate_messages_nodejs
[35m[1mScanning dependencies of target rosgraph_msgs_generate_messages_cpp[0m
[  0%] Built target limo_behaviour_tree_generate_messages_eus
[35m[1mScanning dependencies of target geometry_msgs_generate_messages_nodejs[0m
[35m[1mScanning dependencies of target darknet_ros_msgs_generate_messages_lisp[0m
[35m[1mScanning dependencies of target limo_behaviour_tree_generate_messages_lisp[0m
[35m[1mScanning dependencies of target std_msgs_generate_messages_cpp[0m
[35m[1mScanning dependencies of target roscpp_generate_messages_cpp[0m
[  0%] Built target limo_behaviour_tree_generate_messages_cpp
[35m[1mScanning dependencies of target actionlib_msgs_generate_messages_nodejs[0m
[  0%] Built target rosgraph_msgs_generate_messages_cpp
[35m[1mScanning dependencies of target sensor_msgs_generate_messages_nodejs[0m
[  0%] Built target std_msgs_generate_messages_nodejs
[  0%] Built target darknet_ros_msgs_generate_messages_lisp
[  0%] Built target geometry_msgs_generate_messages_nodejs
[35m[1mScanning dependencies of target actionlib_generate_messages_cpp[0m
[  0%] Built target limo_behaviour_tree_generate_messages_lisp
[  0%] Built target roscpp_generate_messages_cpp
[35m[1mScanning dependencies of target roscpp_generate_messages_lisp[0m
[  0%] Built target std_msgs_generate_messages_cpp
[35m[1mScanning dependencies of target std_msgs_generate_messages_lisp[0m
[  0%] Built target actionlib_msgs_generate_messages_nodejs
[  0%] Built target sensor_msgs_generate_messages_nodejs
[35m[1mScanning dependencies of target std_msgs_generate_messages_py[0m
[  0%] Built target actionlib_generate_messages_cpp
[35m[1mScanning dependencies of target roscpp_generate_messages_nodejs[0m
[35m[1mScanning dependencies of target rosgraph_msgs_generate_messages_eus[0m
[35m[1mScanning dependencies of target geometry_msgs_generate_messages_eus[0m
[  0%] Built target roscpp_generate_messages_lisp
[35m[1mScanning dependencies of target roscpp_generate_messages_py[0m
[  0%] Built target std_msgs_generate_messages_lisp
[35m[1mScanning dependencies of target std_msgs_generate_messages_eus[0m
[  0%] Built target std_msgs_generate_messages_py
[35m[1mScanning dependencies of target rosgraph_msgs_generate_messages_nodejs[0m
[35m[1mScanning dependencies of target darknet_ros_msgs_generate_messages_nodejs[0m
[35m[1mScanning dependencies of target rosgraph_msgs_generate_messages_lisp[0m
[  0%] Built target roscpp_generate_messages_nodejs
[  0%] Built target rosgraph_msgs_generate_messages_eus
[  0%] Built target roscpp_generate_messages_py
[35m[1mScanning dependencies of target darknet_ros_msgs_generate_messages_cpp[0m
[35m[1mScanning dependencies of target darknet_ros_msgs_generate_messages_eus[0m
[  0%] Built target std_msgs_generate_messages_eus
[  0%] Built target darknet_ros_msgs_generate_messages_nodejs
[  0%] Built target rosgraph_msgs_generate_messages_nodejs
[35m[1mScanning dependencies of target darknet_ros_msgs_generate_messages_py[0m
[  0%] Built target geometry_msgs_generate_messages_eus
[35m[1mScanning dependencies of target nav_msgs_generate_messages_nodejs[0m
[  0%] Built target rosgraph_msgs_generate_messages_lisp
[35m[1mScanning dependencies of target rosgraph_msgs_generate_messages_py[0m
[35m[1mScanning dependencies of target actionlib_msgs_generate_messages_cpp[0m
[  0%] Built target darknet_ros_msgs_generate_messages_eus
[  0%] Built target darknet_ros_msgs_generate_messages_cpp
[35m[1mScanning dependencies of target actionlib_msgs_generate_messages_lisp[0m
[35m[1mScanning dependencies of target actionlib_msgs_generate_messages_eus[0m
[  0%] Built target darknet_ros_msgs_generate_messages_py
[35m[1mScanning dependencies of target roscpp_generate_messages_eus[0m
[35m[1mScanning dependencies of target actionlib_msgs_generate_messages_py[0m
[35m[1mScanning dependencies of target actionlib_generate_messages_lisp[0m
[  0%] Built target actionlib_msgs_generate_messages_cpp
[  0%] Built target rosgraph_msgs_generate_messages_py
[  0%] Built target nav_msgs_generate_messages_nodejs
[35m[1mScanning dependencies of target geometry_msgs_generate_messages_cpp[0m
[  0%] Built target actionlib_msgs_generate_messages_eus
[  0%] Built target actionlib_msgs_generate_messages_lisp
[35m[1mScanning dependencies of target geometry_msgs_generate_messages_lisp[0m
[35m[1mScanning dependencies of target geometry_msgs_generate_messages_py[0m
[  0%] Built target actionlib_msgs_generate_messages_py
[  0%] Built target roscpp_generate_messages_eus
[  0%] Built target actionlib_generate_messages_lisp
[35m[1mScanning dependencies of target limo_motion_controller_generate_messages_nodejs[0m
[35m[1mScanning dependencies of target sensor_msgs_generate_messages_cpp[0m
[  0%] Built target geometry_msgs_generate_messages_cpp
[35m[1mScanning dependencies of target sensor_msgs_generate_messages_eus[0m
[35m[1mScanning dependencies of target sensor_msgs_generate_messages_py[0m
[  0%] Built target geometry_msgs_generate_messages_lisp
[  0%] Built target geometry_msgs_generate_messages_py
[35m[1mScanning dependencies of target actionlib_generate_messages_eus[0m
[35m[1mScanning dependencies of target nav_msgs_generate_messages_eus[0m
[35m[1mScanning dependencies of target tf2_msgs_generate_messages_cpp[0m
[35m[1mScanning dependencies of target actionlib_generate_messages_nodejs[0m
[  0%] Built target limo_motion_controller_generate_messages_nodejs
[35m[1mScanning dependencies of target tf2_msgs_generate_messages_eus[0m
[  0%] Built target sensor_msgs_generate_messages_cpp
[35m[1mScanning dependencies of target limo_base_generate_messages_nodejs[0m
[  0%] Built target tf2_msgs_generate_messages_cpp
[  0%] Built target actionlib_generate_messages_eus
[  0%] Built target sensor_msgs_generate_messages_py
[35m[1mScanning dependencies of target tf2_msgs_generate_messages_py[0m
[  0%] Built target nav_msgs_generate_messages_eus
[  0%] Built target tf2_msgs_generate_messages_eus
[  0%] Built target actionlib_generate_messages_nodejs
[  0%] Built target sensor_msgs_generate_messages_eus
[35m[1mScanning dependencies of target actionlib_generate_messages_py[0m
[  0%] Built target limo_base_generate_messages_nodejs
[35m[1mScanning dependencies of target limo_motion_controller_generate_messages_py[0m
[  0%] Built target tf2_msgs_generate_messages_py
[35m[1mScanning dependencies of target tf2_msgs_generate_messages_nodejs[0m
[35m[1mScanning dependencies of target sensor_msgs_generate_messages_lisp[0m
[35m[1mScanning dependencies of target nav_msgs_generate_messages_lisp[0m
[35m[1mScanning dependencies of target nav_msgs_generate_messages_cpp[0m
[35m[1mScanning dependencies of target _limo_yolo_generate_messages_check_deps_map[0m
[  0%] Built target limo_motion_controller_generate_messages_py
[  0%] Built target actionlib_generate_messages_py
[35m[1mScanning dependencies of target tf2_msgs_generate_messages_lisp[0m
[  0%] Built target tf2_msgs_generate_messages_nodejs
[  0%] Built target sensor_msgs_generate_messages_lisp
[  0%] Built target nav_msgs_generate_messages_lisp
[  0%] Built target nav_msgs_generate_messages_cpp
[  0%] Built target tf2_msgs_generate_messages_lisp
[35m[1mScanning dependencies of target limo_yolo[0m
[  0%] Built target _limo_yolo_generate_messages_check_deps_map
[35m[1mScanning dependencies of target limo_yolo_generate_messages_py[0m
[35m[1mScanning dependencies of target limo_yolo_generate_messages_lisp[0m
[35m[1mScanning dependencies of target limo_yolo_generate_messages_nodejs[0m
[35m[1mScanning dependencies of target limo_yolo_generate_messages_eus[0m
[35m[1mScanning dependencies of target limo_yolo_generate_messages_cpp[0m
[ 10%] [34m[1mGenerating Lisp code from limo_yolo/map.msg[0m
[ 20%] [34m[1mGenerating Python from MSG limo_yolo/map[0m
[ 30%] [32mBuilding CXX object CMakeFiles/limo_yolo.dir/src/limo_yolo.cpp.o[0m
[ 40%] [34m[1mGenerating Javascript code from limo_yolo/map.msg[0m
[ 50%] [34m[1mGenerating C++ code from limo_yolo/map.msg[0m
[ 60%] [32mBuilding CXX object CMakeFiles/limo_yolo.dir/src/YoloProjection.cpp.o[0m
[ 80%] [34m[1mGenerating EusLisp code from limo_yolo/map.msg[0m
[ 80%] [34m[1mGenerating EusLisp manifest code for limo_yolo[0m
[ 80%] Built target limo_yolo_generate_messages_lisp
[ 80%] Built target limo_yolo_generate_messages_nodejs
[ 90%] [34m[1mGenerating Python msg __init__.py for limo_yolo[0m
[ 90%] Built target limo_yolo_generate_messages_cpp
[ 90%] Built target limo_yolo_generate_messages_py
[ 90%] Built target limo_yolo_generate_messages_eus
[35m[1mScanning dependencies of target limo_yolo_generate_messages[0m
[ 90%] Built target limo_yolo_generate_messages
[01m[K/home/thesis/ROS/src/limo_yolo/src/YoloProjection.cpp:[m[K In member function ‘[01m[Kvoid YoloProjection::CallbackImageAndLidar(const Image&, const LaserScan&)[m[K’:
[01m[K/home/thesis/ROS/src/limo_yolo/src/YoloProjection.cpp:55:22:[m[K [01;35m[Kwarning: [m[Knarrowing conversion of ‘[01m[K((YoloProjection*)this)->YoloProjection::id[m[K’ from ‘[01m[Kint[m[K’ to ‘[01m[Kuint32_t {aka unsigned int}[m[K’ inside { } [[01;35m[K-Wnarrowing[m[K]
     DataFrame newImg{[01;35m[Kid[m[K, laser, image, currentPose};
                      [01;35m[K^~[m[K
[100%] [32m[1mLinking CXX executable /home/thesis/ROS/devel/.private/limo_yolo/lib/limo_yolo/limo_yolo[0m
[100%] Built target limo_yolo
