[  0%] Built target limo_base_generate_messages_lisp
[  0%] Built target limo_motion_controller_generate_messages_cpp
[  0%] Built target limo_base_generate_messages_py
[  0%] Built target limo_motion_controller_generate_messages_lisp
[  0%] Built target limo_behaviour_tree_generate_messages_py
[  0%] Built target limo_behaviour_tree_generate_messages_eus
[  0%] Built target limo_base_generate_messages_cpp
[  0%] Built target nav_msgs_generate_messages_py
[  0%] Built target limo_base_generate_messages_eus
[  0%] Built target limo_behaviour_tree_generate_messages_lisp
[  0%] Built target limo_behaviour_tree_generate_messages_nodejs
[  0%] Built target limo_motion_controller_generate_messages_eus
[  0%] Built target rosgraph_msgs_generate_messages_cpp
[  0%] Built target geometry_msgs_generate_messages_nodejs
[  0%] Built target limo_behaviour_tree_generate_messages_cpp
[  0%] Built target darknet_ros_msgs_generate_messages_lisp
[  0%] Built target std_msgs_generate_messages_nodejs
[  0%] Built target std_msgs_generate_messages_cpp
[  0%] Built target roscpp_generate_messages_lisp
[  0%] Built target roscpp_generate_messages_cpp
[  0%] Built target sensor_msgs_generate_messages_nodejs
[  0%] Built target actionlib_msgs_generate_messages_nodejs
[  0%] Built target actionlib_generate_messages_cpp
[  0%] Built target std_msgs_generate_messages_lisp
[  0%] Built target geometry_msgs_generate_messages_eus
[  0%] Built target std_msgs_generate_messages_py
[  0%] Built target roscpp_generate_messages_py
[  0%] Built target rosgraph_msgs_generate_messages_eus
[  0%] Built target roscpp_generate_messages_nodejs
[  0%] Built target rosgraph_msgs_generate_messages_lisp
[  0%] Built target darknet_ros_msgs_generate_messages_cpp
[  0%] Built target darknet_ros_msgs_generate_messages_nodejs
[  0%] Built target std_msgs_generate_messages_eus
[  0%] Built target rosgraph_msgs_generate_messages_nodejs
[  0%] Built target darknet_ros_msgs_generate_messages_eus
[  0%] Built target nav_msgs_generate_messages_nodejs
[  0%] Built target darknet_ros_msgs_generate_messages_py
[  0%] Built target actionlib_msgs_generate_messages_cpp
[  0%] Built target rosgraph_msgs_generate_messages_py
[  0%] Built target actionlib_msgs_generate_messages_eus
[  0%] Built target actionlib_msgs_generate_messages_lisp
[  0%] Built target roscpp_generate_messages_eus
[  0%] Built target geometry_msgs_generate_messages_cpp
[  0%] Built target actionlib_msgs_generate_messages_py
[  0%] Built target actionlib_generate_messages_lisp
[  0%] Built target geometry_msgs_generate_messages_py
[  0%] Built target sensor_msgs_generate_messages_cpp
[  0%] Built target geometry_msgs_generate_messages_lisp
[  0%] Built target limo_motion_controller_generate_messages_nodejs
[  0%] Built target sensor_msgs_generate_messages_py
[  0%] Built target actionlib_generate_messages_eus
[  0%] Built target sensor_msgs_generate_messages_eus
[  0%] Built target tf2_msgs_generate_messages_cpp
[  0%] Built target actionlib_generate_messages_nodejs
[  0%] Built target nav_msgs_generate_messages_eus
[  0%] Built target limo_base_generate_messages_nodejs
[  0%] Built target actionlib_generate_messages_py
[  0%] Built target tf2_msgs_generate_messages_eus
[  0%] Built target tf2_msgs_generate_messages_py
[  0%] Built target limo_motion_controller_generate_messages_py
[  0%] Built target tf2_msgs_generate_messages_nodejs
[  0%] Built target nav_msgs_generate_messages_cpp
[  0%] Built target sensor_msgs_generate_messages_lisp
[  0%] Built target nav_msgs_generate_messages_lisp
[  0%] Built target tf2_msgs_generate_messages_lisp
[  0%] Built target _limo_yolo_generate_messages_check_deps_map
[ 30%] Built target limo_yolo
[ 60%] Built target limo_yolo_generate_messages_nodejs
[ 60%] Built target limo_yolo_generate_messages_eus
[ 90%] Built target limo_yolo_generate_messages_cpp
[ 90%] Built target limo_yolo_generate_messages_py
[100%] Built target limo_yolo_generate_messages_lisp
[100%] Built target limo_yolo_generate_messages
