Linked: (/home/thesis/ROS/devel/.private/limo_behaviour_tree/include/limo_behaviour_tree/EndGoalResponse.h, /home/thesis/ROS/devel/include/limo_behaviour_tree/EndGoalResponse.h)
Linked: (/home/thesis/ROS/devel/.private/limo_behaviour_tree/include/limo_behaviour_tree/TypeObjectTracking.h, /home/thesis/ROS/devel/include/limo_behaviour_tree/TypeObjectTracking.h)
Linked: (/home/thesis/ROS/devel/.private/limo_behaviour_tree/include/limo_behaviour_tree/TypeObjectTrackingResponse.h, /home/thesis/ROS/devel/include/limo_behaviour_tree/TypeObjectTrackingResponse.h)
Linked: (/home/thesis/ROS/devel/.private/limo_behaviour_tree/include/limo_behaviour_tree/PathType.h, /home/thesis/ROS/devel/include/limo_behaviour_tree/PathType.h)
Linked: (/home/thesis/ROS/devel/.private/limo_behaviour_tree/include/limo_behaviour_tree/TypeObjectTrackingRequest.h, /home/thesis/ROS/devel/include/limo_behaviour_tree/TypeObjectTrackingRequest.h)
Linked: (/home/thesis/ROS/devel/.private/limo_behaviour_tree/include/limo_behaviour_tree/PathTypeResponse.h, /home/thesis/ROS/devel/include/limo_behaviour_tree/PathTypeResponse.h)
Linked: (/home/thesis/ROS/devel/.private/limo_behaviour_tree/include/limo_behaviour_tree/EndGoalRequest.h, /home/thesis/ROS/devel/include/limo_behaviour_tree/EndGoalRequest.h)
Linked: (/home/thesis/ROS/devel/.private/limo_behaviour_tree/include/limo_behaviour_tree/PathTypeRequest.h, /home/thesis/ROS/devel/include/limo_behaviour_tree/PathTypeRequest.h)
Linked: (/home/thesis/ROS/devel/.private/limo_behaviour_tree/include/limo_behaviour_tree/EndGoal.h, /home/thesis/ROS/devel/include/limo_behaviour_tree/EndGoal.h)
Linked: (/home/thesis/ROS/devel/.private/limo_behaviour_tree/lib/python2.7/dist-packages/limo_behaviour_tree/__init__.py, /home/thesis/ROS/devel/lib/python2.7/dist-packages/limo_behaviour_tree/__init__.py)
Linked: (/home/thesis/ROS/devel/.private/limo_behaviour_tree/lib/python2.7/dist-packages/limo_behaviour_tree/srv/_TypeObjectTracking.py, /home/thesis/ROS/devel/lib/python2.7/dist-packages/limo_behaviour_tree/srv/_TypeObjectTracking.py)
Linked: (/home/thesis/ROS/devel/.private/limo_behaviour_tree/lib/python2.7/dist-packages/limo_behaviour_tree/srv/__init__.py, /home/thesis/ROS/devel/lib/python2.7/dist-packages/limo_behaviour_tree/srv/__init__.py)
Linked: (/home/thesis/ROS/devel/.private/limo_behaviour_tree/lib/python2.7/dist-packages/limo_behaviour_tree/srv/_EndGoal.py, /home/thesis/ROS/devel/lib/python2.7/dist-packages/limo_behaviour_tree/srv/_EndGoal.py)
Linked: (/home/thesis/ROS/devel/.private/limo_behaviour_tree/lib/python2.7/dist-packages/limo_behaviour_tree/srv/_PathType.py, /home/thesis/ROS/devel/lib/python2.7/dist-packages/limo_behaviour_tree/srv/_PathType.py)
Linked: (/home/thesis/ROS/devel/.private/limo_behaviour_tree/lib/pkgconfig/limo_behaviour_tree.pc, /home/thesis/ROS/devel/lib/pkgconfig/limo_behaviour_tree.pc)
Linked: (/home/thesis/ROS/devel/.private/limo_behaviour_tree/lib/limo_behaviour_tree/limo_behaviour_tree, /home/thesis/ROS/devel/lib/limo_behaviour_tree/limo_behaviour_tree)
Linked: (/home/thesis/ROS/devel/.private/limo_behaviour_tree/share/roseus/ros/limo_behaviour_tree/manifest.l, /home/thesis/ROS/devel/share/roseus/ros/limo_behaviour_tree/manifest.l)
Linked: (/home/thesis/ROS/devel/.private/limo_behaviour_tree/share/roseus/ros/limo_behaviour_tree/srv/EndGoal.l, /home/thesis/ROS/devel/share/roseus/ros/limo_behaviour_tree/srv/EndGoal.l)
Linked: (/home/thesis/ROS/devel/.private/limo_behaviour_tree/share/roseus/ros/limo_behaviour_tree/srv/PathType.l, /home/thesis/ROS/devel/share/roseus/ros/limo_behaviour_tree/srv/PathType.l)
Linked: (/home/thesis/ROS/devel/.private/limo_behaviour_tree/share/roseus/ros/limo_behaviour_tree/srv/TypeObjectTracking.l, /home/thesis/ROS/devel/share/roseus/ros/limo_behaviour_tree/srv/TypeObjectTracking.l)
Linked: (/home/thesis/ROS/devel/.private/limo_behaviour_tree/share/gennodejs/ros/limo_behaviour_tree/_index.js, /home/thesis/ROS/devel/share/gennodejs/ros/limo_behaviour_tree/_index.js)
Linked: (/home/thesis/ROS/devel/.private/limo_behaviour_tree/share/gennodejs/ros/limo_behaviour_tree/srv/TypeObjectTracking.js, /home/thesis/ROS/devel/share/gennodejs/ros/limo_behaviour_tree/srv/TypeObjectTracking.js)
Linked: (/home/thesis/ROS/devel/.private/limo_behaviour_tree/share/gennodejs/ros/limo_behaviour_tree/srv/PathType.js, /home/thesis/ROS/devel/share/gennodejs/ros/limo_behaviour_tree/srv/PathType.js)
Linked: (/home/thesis/ROS/devel/.private/limo_behaviour_tree/share/gennodejs/ros/limo_behaviour_tree/srv/EndGoal.js, /home/thesis/ROS/devel/share/gennodejs/ros/limo_behaviour_tree/srv/EndGoal.js)
Linked: (/home/thesis/ROS/devel/.private/limo_behaviour_tree/share/gennodejs/ros/limo_behaviour_tree/srv/_index.js, /home/thesis/ROS/devel/share/gennodejs/ros/limo_behaviour_tree/srv/_index.js)
Linked: (/home/thesis/ROS/devel/.private/limo_behaviour_tree/share/limo_behaviour_tree/cmake/limo_behaviour_treeConfig-version.cmake, /home/thesis/ROS/devel/share/limo_behaviour_tree/cmake/limo_behaviour_treeConfig-version.cmake)
Linked: (/home/thesis/ROS/devel/.private/limo_behaviour_tree/share/limo_behaviour_tree/cmake/limo_behaviour_treeConfig.cmake, /home/thesis/ROS/devel/share/limo_behaviour_tree/cmake/limo_behaviour_treeConfig.cmake)
Linked: (/home/thesis/ROS/devel/.private/limo_behaviour_tree/share/limo_behaviour_tree/cmake/limo_behaviour_tree-msg-extras.cmake, /home/thesis/ROS/devel/share/limo_behaviour_tree/cmake/limo_behaviour_tree-msg-extras.cmake)
Linked: (/home/thesis/ROS/devel/.private/limo_behaviour_tree/share/limo_behaviour_tree/cmake/limo_behaviour_tree-msg-paths.cmake, /home/thesis/ROS/devel/share/limo_behaviour_tree/cmake/limo_behaviour_tree-msg-paths.cmake)
Linked: (/home/thesis/ROS/devel/.private/limo_behaviour_tree/share/common-lisp/ros/limo_behaviour_tree/srv/_package_TypeObjectTracking.lisp, /home/thesis/ROS/devel/share/common-lisp/ros/limo_behaviour_tree/srv/_package_TypeObjectTracking.lisp)
Linked: (/home/thesis/ROS/devel/.private/limo_behaviour_tree/share/common-lisp/ros/limo_behaviour_tree/srv/EndGoal.lisp, /home/thesis/ROS/devel/share/common-lisp/ros/limo_behaviour_tree/srv/EndGoal.lisp)
Linked: (/home/thesis/ROS/devel/.private/limo_behaviour_tree/share/common-lisp/ros/limo_behaviour_tree/srv/limo_behaviour_tree-srv.asd, /home/thesis/ROS/devel/share/common-lisp/ros/limo_behaviour_tree/srv/limo_behaviour_tree-srv.asd)
Linked: (/home/thesis/ROS/devel/.private/limo_behaviour_tree/share/common-lisp/ros/limo_behaviour_tree/srv/_package_EndGoal.lisp, /home/thesis/ROS/devel/share/common-lisp/ros/limo_behaviour_tree/srv/_package_EndGoal.lisp)
Linked: (/home/thesis/ROS/devel/.private/limo_behaviour_tree/share/common-lisp/ros/limo_behaviour_tree/srv/_package_PathType.lisp, /home/thesis/ROS/devel/share/common-lisp/ros/limo_behaviour_tree/srv/_package_PathType.lisp)
Linked: (/home/thesis/ROS/devel/.private/limo_behaviour_tree/share/common-lisp/ros/limo_behaviour_tree/srv/PathType.lisp, /home/thesis/ROS/devel/share/common-lisp/ros/limo_behaviour_tree/srv/PathType.lisp)
Linked: (/home/thesis/ROS/devel/.private/limo_behaviour_tree/share/common-lisp/ros/limo_behaviour_tree/srv/_package.lisp, /home/thesis/ROS/devel/share/common-lisp/ros/limo_behaviour_tree/srv/_package.lisp)
Linked: (/home/thesis/ROS/devel/.private/limo_behaviour_tree/share/common-lisp/ros/limo_behaviour_tree/srv/TypeObjectTracking.lisp, /home/thesis/ROS/devel/share/common-lisp/ros/limo_behaviour_tree/srv/TypeObjectTracking.lisp)
