[35m[1mScanning dependencies of target tf_generate_messages_nodejs[0m
[  0%] Built target tf_generate_messages_nodejs
[35m[1mScanning dependencies of target nav_msgs_generate_messages_nodejs[0m
[  0%] Built target nav_msgs_generate_messages_nodejs
[35m[1mScanning dependencies of target nav_msgs_generate_messages_eus[0m
[  0%] Built target nav_msgs_generate_messages_eus
[35m[1mScanning dependencies of target tf2_msgs_generate_messages_eus[0m
[  0%] Built target tf2_msgs_generate_messages_eus
[35m[1mScanning dependencies of target tf2_msgs_generate_messages_cpp[0m
[  0%] Built target tf2_msgs_generate_messages_cpp
[35m[1mScanning dependencies of target actionlib_msgs_generate_messages_py[0m
[  0%] Built target actionlib_msgs_generate_messages_py
[35m[1mScanning dependencies of target actionlib_msgs_generate_messages_lisp[0m
[35m[1mScanning dependencies of target actionlib_generate_messages_cpp[0m
[  0%] Built target actionlib_msgs_generate_messages_lisp
[  0%] Built target actionlib_generate_messages_cpp
[35m[1mScanning dependencies of target dynamic_reconfigure_generate_messages_py[0m
[35m[1mScanning dependencies of target dynamic_reconfigure_generate_messages_lisp[0m
[  0%] Built target dynamic_reconfigure_generate_messages_py
[  0%] Built target dynamic_reconfigure_generate_messages_lisp
[35m[1mScanning dependencies of target rosgraph_msgs_generate_messages_cpp[0m
[35m[1mScanning dependencies of target topic_tools_generate_messages_cpp[0m
[  0%] Built target rosgraph_msgs_generate_messages_cpp
[35m[1mScanning dependencies of target dynamic_reconfigure_generate_messages_eus[0m
[  0%] Built target topic_tools_generate_messages_cpp
[  0%] Built target dynamic_reconfigure_generate_messages_eus
[35m[1mScanning dependencies of target std_msgs_generate_messages_nodejs[0m
[35m[1mScanning dependencies of target bond_generate_messages_lisp[0m
[  0%] Built target std_msgs_generate_messages_nodejs
[35m[1mScanning dependencies of target std_msgs_generate_messages_eus[0m
[  0%] Built target bond_generate_messages_lisp
[35m[1mScanning dependencies of target limo_base_generate_messages_cpp[0m
[  0%] Built target std_msgs_generate_messages_eus
[35m[1mScanning dependencies of target rosgraph_msgs_generate_messages_nodejs[0m
[  0%] Built target limo_base_generate_messages_cpp
[  0%] Built target rosgraph_msgs_generate_messages_nodejs
[35m[1mScanning dependencies of target rosgraph_msgs_generate_messages_eus[0m
[35m[1mScanning dependencies of target rosgraph_msgs_generate_messages_lisp[0m
[  0%] Built target rosgraph_msgs_generate_messages_eus
[35m[1mScanning dependencies of target dynamic_reconfigure_generate_messages_nodejs[0m
[  0%] Built target rosgraph_msgs_generate_messages_lisp
[35m[1mScanning dependencies of target roscpp_generate_messages_py[0m
[  0%] Built target dynamic_reconfigure_generate_messages_nodejs
[35m[1mScanning dependencies of target std_msgs_generate_messages_py[0m
[35m[1mScanning dependencies of target std_msgs_generate_messages_lisp[0m
[  0%] Built target std_msgs_generate_messages_py
[35m[1mScanning dependencies of target roscpp_generate_messages_nodejs[0m
[  0%] Built target roscpp_generate_messages_py
[  0%] Built target std_msgs_generate_messages_lisp
[35m[1mScanning dependencies of target actionlib_msgs_generate_messages_eus[0m
[  0%] Built target roscpp_generate_messages_nodejs
[35m[1mScanning dependencies of target rosgraph_msgs_generate_messages_py[0m
[  0%] Built target actionlib_msgs_generate_messages_eus
[  0%] Built target rosgraph_msgs_generate_messages_py
[35m[1mScanning dependencies of target roscpp_generate_messages_eus[0m
[35m[1mScanning dependencies of target geometry_msgs_generate_messages_eus[0m
[  0%] Built target roscpp_generate_messages_eus
[  0%] Built target geometry_msgs_generate_messages_eus
[35m[1mScanning dependencies of target bond_generate_messages_eus[0m
[35m[1mScanning dependencies of target limo_motion_controller_generate_messages_nodejs[0m
[  0%] Built target limo_motion_controller_generate_messages_nodejs
[  0%] Built target bond_generate_messages_eus
[35m[1mScanning dependencies of target nav_msgs_generate_messages_cpp[0m
[  0%] Built target nav_msgs_generate_messages_cpp
[35m[1mScanning dependencies of target sensor_msgs_generate_messages_lisp[0m
[35m[1mScanning dependencies of target roscpp_generate_messages_lisp[0m
[  0%] Built target roscpp_generate_messages_lisp
[35m[1mScanning dependencies of target std_srvs_generate_messages_eus[0m
[  0%] Built target sensor_msgs_generate_messages_lisp
[  0%] Built target std_srvs_generate_messages_eus
[35m[1mScanning dependencies of target limo_motion_controller_generate_messages_py[0m
[  0%] Built target limo_motion_controller_generate_messages_py
[35m[1mScanning dependencies of target tf2_msgs_generate_messages_nodejs[0m
[35m[1mScanning dependencies of target pcl_ros_gencfg[0m
[  0%] Built target pcl_ros_gencfg
[35m[1mScanning dependencies of target limo_motion_controller_generate_messages_eus[0m
[  0%] Built target limo_motion_controller_generate_messages_eus
[  0%] Built target tf2_msgs_generate_messages_nodejs
[35m[1mScanning dependencies of target limo_base_generate_messages_py[0m
[  0%] Built target limo_base_generate_messages_py
[35m[1mScanning dependencies of target std_msgs_generate_messages_cpp[0m
[35m[1mScanning dependencies of target topic_tools_generate_messages_nodejs[0m
[  0%] Built target std_msgs_generate_messages_cpp
[  0%] Built target topic_tools_generate_messages_nodejs
[35m[1mScanning dependencies of target limo_motion_controller_generate_messages_cpp[0m
[35m[1mScanning dependencies of target pcl_msgs_generate_messages_cpp[0m
[  0%] Built target limo_motion_controller_generate_messages_cpp
[35m[1mScanning dependencies of target limo_base_generate_messages_lisp[0m
[  0%] Built target pcl_msgs_generate_messages_cpp
[  0%] Built target limo_base_generate_messages_lisp
[35m[1mScanning dependencies of target geometry_msgs_generate_messages_nodejs[0m
[  0%] Built target geometry_msgs_generate_messages_nodejs
[35m[1mScanning dependencies of target limo_motion_controller_generate_messages_lisp[0m
[  0%] Built target limo_motion_controller_generate_messages_lisp
[35m[1mScanning dependencies of target tf2_msgs_generate_messages_py[0m
[  0%] Built target tf2_msgs_generate_messages_py
[35m[1mScanning dependencies of target actionlib_generate_messages_py[0m
[  0%] Built target actionlib_generate_messages_py
[35m[1mScanning dependencies of target limo_base_generate_messages_nodejs[0m
[  0%] Built target limo_base_generate_messages_nodejs
[35m[1mScanning dependencies of target roscpp_generate_messages_cpp[0m
[  0%] Built target roscpp_generate_messages_cpp
[35m[1mScanning dependencies of target sensor_msgs_generate_messages_nodejs[0m
[  0%] Built target sensor_msgs_generate_messages_nodejs
[35m[1mScanning dependencies of target nav_msgs_generate_messages_py[0m
[  0%] Built target nav_msgs_generate_messages_py
[35m[1mScanning dependencies of target tf2_msgs_generate_messages_lisp[0m
[  0%] Built target tf2_msgs_generate_messages_lisp
[35m[1mScanning dependencies of target dynamic_reconfigure_gencfg[0m
[  0%] Built target dynamic_reconfigure_gencfg
[35m[1mScanning dependencies of target actionlib_generate_messages_lisp[0m
[  0%] Built target actionlib_generate_messages_lisp
[35m[1mScanning dependencies of target geometry_msgs_generate_messages_cpp[0m
[  0%] Built target geometry_msgs_generate_messages_cpp
[35m[1mScanning dependencies of target geometry_msgs_generate_messages_lisp[0m
[  0%] Built target geometry_msgs_generate_messages_lisp
[35m[1mScanning dependencies of target geometry_msgs_generate_messages_py[0m
[  0%] Built target geometry_msgs_generate_messages_py
[35m[1mScanning dependencies of target nodelet_generate_messages_cpp[0m
[  0%] Built target nodelet_generate_messages_cpp
[35m[1mScanning dependencies of target bond_generate_messages_py[0m
[  0%] Built target bond_generate_messages_py
[35m[1mScanning dependencies of target std_srvs_generate_messages_nodejs[0m
[  0%] Built target std_srvs_generate_messages_nodejs
[35m[1mScanning dependencies of target nodelet_generate_messages_eus[0m
[  0%] Built target nodelet_generate_messages_eus
[35m[1mScanning dependencies of target nodelet_generate_messages_lisp[0m
[  0%] Built target nodelet_generate_messages_lisp
[35m[1mScanning dependencies of target nodelet_generate_messages_nodejs[0m
[35m[1mScanning dependencies of target pcl_msgs_generate_messages_nodejs[0m
[35m[1mScanning dependencies of target nav_msgs_generate_messages_lisp[0m
[  0%] Built target nodelet_generate_messages_nodejs
[  0%] Built target pcl_msgs_generate_messages_nodejs
[  0%] Built target nav_msgs_generate_messages_lisp
[35m[1mScanning dependencies of target bond_generate_messages_cpp[0m
[35m[1mScanning dependencies of target actionlib_msgs_generate_messages_cpp[0m
[  0%] Built target actionlib_msgs_generate_messages_cpp
[  0%] Built target bond_generate_messages_cpp
[35m[1mScanning dependencies of target tf_generate_messages_eus[0m
[35m[1mScanning dependencies of target actionlib_msgs_generate_messages_nodejs[0m
[35m[1mScanning dependencies of target bond_generate_messages_nodejs[0m
[  0%] Built target bond_generate_messages_nodejs
[  0%] Built target tf_generate_messages_eus
[35m[1mScanning dependencies of target topic_tools_generate_messages_py[0m
[35m[1mScanning dependencies of target nodelet_topic_tools_gencfg[0m
[  0%] Built target actionlib_msgs_generate_messages_nodejs
[  0%] Built target topic_tools_generate_messages_py
[35m[1mScanning dependencies of target limo_base_generate_messages_eus[0m
[35m[1mScanning dependencies of target std_srvs_generate_messages_lisp[0m
[  0%] Built target limo_base_generate_messages_eus
[  0%] Built target std_srvs_generate_messages_lisp
[  0%] Built target nodelet_topic_tools_gencfg
[35m[1mScanning dependencies of target pcl_msgs_generate_messages_eus[0m
[35m[1mScanning dependencies of target topic_tools_generate_messages_eus[0m
[35m[1mScanning dependencies of target topic_tools_generate_messages_lisp[0m
[  0%] Built target topic_tools_generate_messages_eus
[  0%] Built target topic_tools_generate_messages_lisp
[35m[1mScanning dependencies of target actionlib_generate_messages_eus[0m
[  0%] Built target pcl_msgs_generate_messages_eus
[  0%] Built target actionlib_generate_messages_eus
[35m[1mScanning dependencies of target pcl_msgs_generate_messages_py[0m
[35m[1mScanning dependencies of target sensor_msgs_generate_messages_cpp[0m
[  0%] Built target sensor_msgs_generate_messages_cpp
[  0%] Built target pcl_msgs_generate_messages_py
[35m[1mScanning dependencies of target sensor_msgs_generate_messages_eus[0m
[35m[1mScanning dependencies of target nodelet_generate_messages_py[0m
[  0%] Built target sensor_msgs_generate_messages_eus
[  0%] Built target nodelet_generate_messages_py
[35m[1mScanning dependencies of target sensor_msgs_generate_messages_py[0m
[35m[1mScanning dependencies of target dynamic_reconfigure_generate_messages_cpp[0m
[  0%] Built target sensor_msgs_generate_messages_py
[  0%] Built target dynamic_reconfigure_generate_messages_cpp
[35m[1mScanning dependencies of target tf_generate_messages_py[0m
[35m[1mScanning dependencies of target std_srvs_generate_messages_cpp[0m
[  0%] Built target std_srvs_generate_messages_cpp
[  0%] Built target tf_generate_messages_py
[35m[1mScanning dependencies of target actionlib_generate_messages_nodejs[0m
[35m[1mScanning dependencies of target std_srvs_generate_messages_py[0m
[  0%] Built target actionlib_generate_messages_nodejs
[  0%] Built target std_srvs_generate_messages_py
[35m[1mScanning dependencies of target pcl_msgs_generate_messages_lisp[0m
[  0%] Built target pcl_msgs_generate_messages_lisp
[35m[1mScanning dependencies of target tf_generate_messages_cpp[0m
[35m[1mScanning dependencies of target tf_generate_messages_lisp[0m
[  0%] Built target tf_generate_messages_cpp
[  0%] Built target tf_generate_messages_lisp
[35m[1mScanning dependencies of target _limo_behaviour_tree_generate_messages_check_deps_PathType[0m
[  0%] Built target _limo_behaviour_tree_generate_messages_check_deps_PathType
[35m[1mScanning dependencies of target _limo_behaviour_tree_generate_messages_check_deps_TypeObjectTracking[0m
[35m[1mScanning dependencies of target _limo_behaviour_tree_generate_messages_check_deps_EndGoal[0m
[  0%] Built target _limo_behaviour_tree_generate_messages_check_deps_EndGoal
[  0%] Built target _limo_behaviour_tree_generate_messages_check_deps_TypeObjectTracking
[35m[1mScanning dependencies of target limo_behaviour_tree[0m
[35m[1mScanning dependencies of target limo_behaviour_tree_generate_messages_eus[0m
[  2%] [34m[1mGenerating EusLisp code from limo_behaviour_tree/PathType.srv[0m
[35m[1mScanning dependencies of target limo_behaviour_tree_generate_messages_py[0m
[  5%] [34m[1mGenerating Python code from SRV limo_behaviour_tree/PathType[0m
[ 10%] [34m[1mGenerating EusLisp code from limo_behaviour_tree/EndGoal.srv[0m
[ 10%] [34m[1mGenerating EusLisp code from limo_behaviour_tree/TypeObjectTracking.srv[0m
[ 13%] [34m[1mGenerating EusLisp manifest code for limo_behaviour_tree[0m
[ 15%] [34m[1mGenerating Python code from SRV limo_behaviour_tree/EndGoal[0m
[ 18%] [32mBuilding CXX object CMakeFiles/limo_behaviour_tree.dir/src/limo_behaviour_tree.cpp.o[0m
[ 21%] [34m[1mGenerating Python code from SRV limo_behaviour_tree/TypeObjectTracking[0m
[ 23%] [32mBuilding CXX object CMakeFiles/limo_behaviour_tree.dir/src/BTArchitecture/Fallback.cpp.o[0m
[ 26%] [34m[1mGenerating Python srv __init__.py for limo_behaviour_tree[0m
[ 26%] Built target limo_behaviour_tree_generate_messages_py
[35m[1mScanning dependencies of target limo_behaviour_tree_generate_messages_lisp[0m
[ 28%] [34m[1mGenerating Lisp code from limo_behaviour_tree/PathType.srv[0m
[ 31%] [34m[1mGenerating Lisp code from limo_behaviour_tree/EndGoal.srv[0m
[ 31%] Built target limo_behaviour_tree_generate_messages_eus
[35m[1mScanning dependencies of target limo_behaviour_tree_generate_messages_cpp[0m
[ 34%] [34m[1mGenerating Lisp code from limo_behaviour_tree/TypeObjectTracking.srv[0m
[ 36%] [34m[1mGenerating C++ code from limo_behaviour_tree/PathType.srv[0m
[ 39%] [32mBuilding CXX object CMakeFiles/limo_behaviour_tree.dir/src/BTArchitecture/Node.cpp.o[0m
[ 39%] Built target limo_behaviour_tree_generate_messages_lisp
[35m[1mScanning dependencies of target limo_behaviour_tree_generate_messages_nodejs[0m
[ 42%] [34m[1mGenerating C++ code from limo_behaviour_tree/EndGoal.srv[0m
[ 44%] [34m[1mGenerating Javascript code from limo_behaviour_tree/PathType.srv[0m
[ 47%] [34m[1mGenerating Javascript code from limo_behaviour_tree/EndGoal.srv[0m
[ 50%] [34m[1mGenerating Javascript code from limo_behaviour_tree/TypeObjectTracking.srv[0m
[ 50%] Built target limo_behaviour_tree_generate_messages_nodejs
[ 52%] [34m[1mGenerating C++ code from limo_behaviour_tree/TypeObjectTracking.srv[0m
[ 55%] [32mBuilding CXX object CMakeFiles/limo_behaviour_tree.dir/src/BTArchitecture/Sequence.cpp.o[0m
[ 57%] [32mBuilding CXX object CMakeFiles/limo_behaviour_tree.dir/src/Actions/Brake.cpp.o[0m
[ 57%] Built target limo_behaviour_tree_generate_messages_cpp
[ 60%] [32mBuilding CXX object CMakeFiles/limo_behaviour_tree.dir/src/Actions/CreatePath.cpp.o[0m
[ 63%] [32mBuilding CXX object CMakeFiles/limo_behaviour_tree.dir/src/Actions/EmergencyBrake.cpp.o[0m
[ 65%] [32mBuilding CXX object CMakeFiles/limo_behaviour_tree.dir/src/Actions/MoveBack.cpp.o[0m
[35m[1mScanning dependencies of target limo_behaviour_tree_generate_messages[0m
[ 65%] Built target limo_behaviour_tree_generate_messages
[ 68%] [32mBuilding CXX object CMakeFiles/limo_behaviour_tree.dir/src/Actions/MoveToTarget.cpp.o[0m
[ 71%] [32mBuilding CXX object CMakeFiles/limo_behaviour_tree.dir/src/Actions/RotateAround.cpp.o[0m
[ 73%] [32mBuilding CXX object CMakeFiles/limo_behaviour_tree.dir/src/Actions/TrackObject.cpp.o[0m
[ 76%] [32mBuilding CXX object CMakeFiles/limo_behaviour_tree.dir/src/Conditions/BatteryCheck.cpp.o[0m
[ 78%] [32mBuilding CXX object CMakeFiles/limo_behaviour_tree.dir/src/Conditions/CheckPath.cpp.o[0m
[ 81%] [32mBuilding CXX object CMakeFiles/limo_behaviour_tree.dir/src/Conditions/CloseEnoughToTarget.cpp.o[0m
[ 84%] [32mBuilding CXX object CMakeFiles/limo_behaviour_tree.dir/src/Conditions/MinDistance.cpp.o[0m
[ 86%] [32mBuilding CXX object CMakeFiles/limo_behaviour_tree.dir/src/Conditions/ObjectFound.cpp.o[0m
[ 89%] [32mBuilding CXX object CMakeFiles/limo_behaviour_tree.dir/src/Conditions/SpeedNotZero.cpp.o[0m
[ 92%] [32mBuilding CXX object CMakeFiles/limo_behaviour_tree.dir/src/Conditions/SpeedZero.cpp.o[0m
[ 94%] [32mBuilding CXX object CMakeFiles/limo_behaviour_tree.dir/src/Conditions/TargetNotFound.cpp.o[0m
[ 97%] [32mBuilding CXX object CMakeFiles/limo_behaviour_tree.dir/src/Conditions/ToCloseToTarget.cpp.o[0m
[100%] [32m[1mLinking CXX executable /home/thesis/ROS/devel/.private/limo_behaviour_tree/lib/limo_behaviour_tree/limo_behaviour_tree[0m
[100%] Built target limo_behaviour_tree
