Symlinking /home/thesis/ROS/devel/include/limo_behaviour_tree/EndGoalResponse.h
Symlinking /home/thesis/ROS/devel/include/limo_behaviour_tree/TypeObjectTracking.h
Symlinking /home/thesis/ROS/devel/include/limo_behaviour_tree/TypeObjectTrackingResponse.h
Symlinking /home/thesis/ROS/devel/include/limo_behaviour_tree/PathType.h
Symlinking /home/thesis/ROS/devel/include/limo_behaviour_tree/TypeObjectTrackingRequest.h
Symlinking /home/thesis/ROS/devel/include/limo_behaviour_tree/PathTypeResponse.h
Symlinking /home/thesis/ROS/devel/include/limo_behaviour_tree/EndGoalRequest.h
Symlinking /home/thesis/ROS/devel/include/limo_behaviour_tree/PathTypeRequest.h
Symlinking /home/thesis/ROS/devel/include/limo_behaviour_tree/EndGoal.h
Symlinking /home/thesis/ROS/devel/lib/python2.7/dist-packages/limo_behaviour_tree/__init__.py
Symlinking /home/thesis/ROS/devel/lib/python2.7/dist-packages/limo_behaviour_tree/srv/_TypeObjectTracking.py
Symlinking /home/thesis/ROS/devel/lib/python2.7/dist-packages/limo_behaviour_tree/srv/__init__.py
Symlinking /home/thesis/ROS/devel/lib/python2.7/dist-packages/limo_behaviour_tree/srv/_EndGoal.py
Symlinking /home/thesis/ROS/devel/lib/python2.7/dist-packages/limo_behaviour_tree/srv/_PathType.py
Symlinking /home/thesis/ROS/devel/lib/pkgconfig/limo_behaviour_tree.pc
Symlinking /home/thesis/ROS/devel/lib/limo_behaviour_tree/limo_behaviour_tree
Symlinking /home/thesis/ROS/devel/share/roseus/ros/limo_behaviour_tree/manifest.l
Symlinking /home/thesis/ROS/devel/share/roseus/ros/limo_behaviour_tree/srv/EndGoal.l
Symlinking /home/thesis/ROS/devel/share/roseus/ros/limo_behaviour_tree/srv/PathType.l
Symlinking /home/thesis/ROS/devel/share/roseus/ros/limo_behaviour_tree/srv/TypeObjectTracking.l
Symlinking /home/thesis/ROS/devel/share/gennodejs/ros/limo_behaviour_tree/_index.js
Symlinking /home/thesis/ROS/devel/share/gennodejs/ros/limo_behaviour_tree/srv/TypeObjectTracking.js
Symlinking /home/thesis/ROS/devel/share/gennodejs/ros/limo_behaviour_tree/srv/PathType.js
Symlinking /home/thesis/ROS/devel/share/gennodejs/ros/limo_behaviour_tree/srv/EndGoal.js
Symlinking /home/thesis/ROS/devel/share/gennodejs/ros/limo_behaviour_tree/srv/_index.js
Symlinking /home/thesis/ROS/devel/share/limo_behaviour_tree/cmake/limo_behaviour_treeConfig-version.cmake
Symlinking /home/thesis/ROS/devel/share/limo_behaviour_tree/cmake/limo_behaviour_treeConfig.cmake
Symlinking /home/thesis/ROS/devel/share/limo_behaviour_tree/cmake/limo_behaviour_tree-msg-extras.cmake
Symlinking /home/thesis/ROS/devel/share/limo_behaviour_tree/cmake/limo_behaviour_tree-msg-paths.cmake
Symlinking /home/thesis/ROS/devel/share/common-lisp/ros/limo_behaviour_tree/srv/_package_TypeObjectTracking.lisp
Symlinking /home/thesis/ROS/devel/share/common-lisp/ros/limo_behaviour_tree/srv/EndGoal.lisp
Symlinking /home/thesis/ROS/devel/share/common-lisp/ros/limo_behaviour_tree/srv/limo_behaviour_tree-srv.asd
Symlinking /home/thesis/ROS/devel/share/common-lisp/ros/limo_behaviour_tree/srv/_package_EndGoal.lisp
Symlinking /home/thesis/ROS/devel/share/common-lisp/ros/limo_behaviour_tree/srv/_package_PathType.lisp
Symlinking /home/thesis/ROS/devel/share/common-lisp/ros/limo_behaviour_tree/srv/PathType.lisp
Symlinking /home/thesis/ROS/devel/share/common-lisp/ros/limo_behaviour_tree/srv/_package.lisp
Symlinking /home/thesis/ROS/devel/share/common-lisp/ros/limo_behaviour_tree/srv/TypeObjectTracking.lisp
