[  0%] Built target nav_msgs_generate_messages_eus
[  0%] Built target nav_msgs_generate_messages_nodejs
[  0%] Built target tf2_msgs_generate_messages_eus
[  0%] Built target actionlib_msgs_generate_messages_lisp
[  0%] Built target dynamic_reconfigure_generate_messages_lisp
[  0%] Built target dynamic_reconfigure_generate_messages_py
[  0%] Built target tf_generate_messages_nodejs
[  0%] Built target rosgraph_msgs_generate_messages_cpp
[  0%] Built target actionlib_msgs_generate_messages_py
[  0%] Built target tf2_msgs_generate_messages_cpp
[  0%] Built target actionlib_generate_messages_cpp
[  0%] Built target topic_tools_generate_messages_cpp
[  0%] Built target dynamic_reconfigure_generate_messages_eus
[  0%] Built target std_msgs_generate_messages_eus
[  0%] Built target bond_generate_messages_lisp
[  0%] Built target std_msgs_generate_messages_nodejs
[  0%] Built target rosgraph_msgs_generate_messages_eus
[  0%] Built target limo_base_generate_messages_cpp
[  0%] Built target rosgraph_msgs_generate_messages_nodejs
[  0%] Built target rosgraph_msgs_generate_messages_lisp
[  0%] Built target dynamic_reconfigure_generate_messages_nodejs
[  0%] Built target roscpp_generate_messages_py
[  0%] Built target std_msgs_generate_messages_py
[  0%] Built target roscpp_generate_messages_nodejs
[  0%] Built target std_msgs_generate_messages_lisp
[  0%] Built target geometry_msgs_generate_messages_eus
[  0%] Built target actionlib_msgs_generate_messages_eus
[  0%] Built target rosgraph_msgs_generate_messages_py
[  0%] Built target sensor_msgs_generate_messages_lisp
[  0%] Built target bond_generate_messages_eus
[  0%] Built target roscpp_generate_messages_eus
[  0%] Built target limo_motion_controller_generate_messages_nodejs
[  0%] Built target nav_msgs_generate_messages_cpp
[  0%] Built target roscpp_generate_messages_lisp
[  0%] Built target limo_motion_controller_generate_messages_py
[  0%] Built target limo_motion_controller_generate_messages_eus
[  0%] Built target tf2_msgs_generate_messages_nodejs
[  0%] Built target pcl_ros_gencfg
[  0%] Built target topic_tools_generate_messages_nodejs
[  0%] Built target std_srvs_generate_messages_eus
[  0%] Built target pcl_msgs_generate_messages_cpp
[  0%] Built target std_msgs_generate_messages_cpp
[  0%] Built target limo_motion_controller_generate_messages_cpp
[  0%] Built target limo_base_generate_messages_py
[  0%] Built target limo_base_generate_messages_lisp
[  0%] Built target geometry_msgs_generate_messages_nodejs
[  0%] Built target limo_motion_controller_generate_messages_lisp
[  0%] Built target tf2_msgs_generate_messages_py
[  0%] Built target actionlib_generate_messages_py
[  0%] Built target nav_msgs_generate_messages_py
[  0%] Built target sensor_msgs_generate_messages_nodejs
[  0%] Built target roscpp_generate_messages_cpp
[  0%] Built target tf2_msgs_generate_messages_lisp
[  0%] Built target limo_base_generate_messages_nodejs
[  0%] Built target dynamic_reconfigure_gencfg
[  0%] Built target geometry_msgs_generate_messages_cpp
[  0%] Built target geometry_msgs_generate_messages_lisp
[  0%] Built target actionlib_generate_messages_lisp
[  0%] Built target geometry_msgs_generate_messages_py
[  0%] Built target bond_generate_messages_py
[  0%] Built target std_srvs_generate_messages_nodejs
[  0%] Built target nodelet_generate_messages_nodejs
[  0%] Built target nodelet_generate_messages_eus
[  0%] Built target nav_msgs_generate_messages_lisp
[  0%] Built target nodelet_generate_messages_cpp
[  0%] Built target nodelet_generate_messages_lisp
[  0%] Built target pcl_msgs_generate_messages_nodejs
[  0%] Built target actionlib_msgs_generate_messages_cpp
[  0%] Built target bond_generate_messages_nodejs
[  0%] Built target tf_generate_messages_eus
[  0%] Built target bond_generate_messages_cpp
[  0%] Built target nodelet_topic_tools_gencfg
[  0%] Built target topic_tools_generate_messages_py
[  0%] Built target topic_tools_generate_messages_lisp
[  0%] Built target actionlib_msgs_generate_messages_nodejs
[  0%] Built target limo_base_generate_messages_eus
[  0%] Built target actionlib_generate_messages_eus
[  0%] Built target std_srvs_generate_messages_lisp
[  0%] Built target pcl_msgs_generate_messages_eus
[  0%] Built target dynamic_reconfigure_generate_messages_cpp
[  0%] Built target sensor_msgs_generate_messages_cpp
[  0%] Built target nodelet_generate_messages_py
[  0%] Built target pcl_msgs_generate_messages_py
[  0%] Built target topic_tools_generate_messages_eus
[  0%] Built target tf_generate_messages_py
[  0%] Built target sensor_msgs_generate_messages_py
[  0%] Built target sensor_msgs_generate_messages_eus
[  0%] Built target std_srvs_generate_messages_cpp
[  0%] Built target std_srvs_generate_messages_py
[  0%] Built target actionlib_generate_messages_nodejs
[  0%] Built target tf_generate_messages_cpp
[  0%] Built target tf_generate_messages_lisp
[  0%] Built target pcl_msgs_generate_messages_lisp
[  0%] Built target _limo_behaviour_tree_generate_messages_check_deps_PathType
[  0%] Built target _limo_behaviour_tree_generate_messages_check_deps_TypeObjectTracking
[35m[1mScanning dependencies of target limo_behaviour_tree[0m
[  0%] Built target _limo_behaviour_tree_generate_messages_check_deps_EndGoal
[  5%] [34m[1mGenerating EusLisp code from limo_behaviour_tree/TypeObjectTracking.srv[0m
[  5%] [34m[1mGenerating Python code from SRV limo_behaviour_tree/TypeObjectTracking[0m
[  7%] [34m[1mGenerating Lisp code from limo_behaviour_tree/TypeObjectTracking.srv[0m
[ 10%] [34m[1mGenerating C++ code from limo_behaviour_tree/TypeObjectTracking.srv[0m
[ 13%] [34m[1mGenerating Javascript code from limo_behaviour_tree/TypeObjectTracking.srv[0m
[ 18%] Built target limo_behaviour_tree_generate_messages_lisp
[ 23%] Built target limo_behaviour_tree_generate_messages_nodejs
[ 31%] Built target limo_behaviour_tree_generate_messages_eus
[ 34%] [32mBuilding CXX object CMakeFiles/limo_behaviour_tree.dir/src/Actions/RotateAround.cpp.o[0m
[ 36%] [32mBuilding CXX object CMakeFiles/limo_behaviour_tree.dir/src/Conditions/CheckPath.cpp.o[0m
[ 39%] [32mBuilding CXX object CMakeFiles/limo_behaviour_tree.dir/src/Conditions/ObjectFound.cpp.o[0m
[ 42%] [32mBuilding CXX object CMakeFiles/limo_behaviour_tree.dir/src/Actions/TrackObject.cpp.o[0m
[ 44%] [32mBuilding CXX object CMakeFiles/limo_behaviour_tree.dir/src/limo_behaviour_tree.cpp.o[0m
[ 47%] [32mBuilding CXX object CMakeFiles/limo_behaviour_tree.dir/src/Conditions/TargetNotFound.cpp.o[0m
[ 50%] [32mBuilding CXX object CMakeFiles/limo_behaviour_tree.dir/src/Conditions/MinDistance.cpp.o[0m
[ 52%] [32mBuilding CXX object CMakeFiles/limo_behaviour_tree.dir/src/Actions/MoveBack.cpp.o[0m
[ 55%] [34m[1mGenerating Python srv __init__.py for limo_behaviour_tree[0m
[ 60%] Built target limo_behaviour_tree_generate_messages_cpp
[ 65%] Built target limo_behaviour_tree_generate_messages_py
[ 65%] Built target limo_behaviour_tree_generate_messages
[ 68%] [32m[1mLinking CXX executable /home/thesis/ROS/devel/.private/limo_behaviour_tree/lib/limo_behaviour_tree/limo_behaviour_tree[0m
[100%] Built target limo_behaviour_tree
